<?xml version="1.0" encoding="UTF-8"?>
<testsuite xmlns:xsi="http://www.w3.org/2001/XMLSchema-instance" xsi:noNamespaceSchemaLocation="https://maven.apache.org/surefire/maven-surefire-plugin/xsd/surefire-test-report-3.0.xsd" version="3.0" name="testrunner.TestRunner" time="7.842" tests="4" errors="0" skipped="0" failures="0">
  <properties>
[...]
</properties>
  <testcase name="user navigates to &quot;url&quot;" classname="Verify User is able to login to Book Store with correct credentials" time="1.519">
    <system-out><![CDATA[In Before

@test
Scenario Outline: Verify User is able to login to Book Store with correct credentials # src/test/resources/features/Login.feature:13
]]></system-out>
  </testcase>
  <testcase name="user searches for &quot;Docker Playwright&quot;" classname="Verify User is able to login to Book Store with correct credentials" time="3.239">
    <system-out><![CDATA[  Given user navigates to "url"                                                       # stepdefinitions.LoginSteps.navigateToUrl(java.lang.String)
]]></system-out>
  </testcase>
  <testcase name="verify search results are displayed and contain &quot;Docker Playwright&quot;" classname="Verify User is able to login to Book Store with correct credentials" time="0.062">
    <system-out><![CDATA[  When user searches for "Docker Playwright"                                          # stepdefinitions.LoginSteps.enterSearchText(java.lang.String)
Page title is: Docker Playwright - Google Search
]]></system-out>
  </testcase>
  <testcase name="" classname="Verify User is able to login to Book Store with correct credentials" time="0.076">
    <system-out><![CDATA[  Then verify search results are displayed and contain "Docker Playwright"            # stepdefinitions.LoginSteps.verifySearchResultsDisplayed(java.lang.String)
]]></system-out>
  </testcase>
</testsuite>